<?xml version="1.0" encoding="UTF-8"?>
<!-- Generated by org.testng.reporters.JUnitReportReporter -->
<testsuite hostname="Ram" failures="1" tests="4" name="com.swagLab.Qa.TestRunner.TestRunner" time="51.149" errors="0" timestamp="2025-07-06T16:06:15 IST" skipped="0">
  <testcase classname="com.swagLab.Qa.TestRunner.TestRunner" name="runScenario" time="4.897"/>
  <testcase classname="com.swagLab.Qa.TestRunner.TestRunner" name="runScenario" time="5.921">
    <failure message="expected [Swag Labs123] but found [Swag Labs]" type="java.lang.AssertionError">
      <![CDATA[java.lang.AssertionError: expected [Swag Labs123] but found [Swag Labs]
at org.testng.Assert.fail(Assert.java:111)
at org.testng.Assert.failNotEquals(Assert.java:1590)
at org.testng.Assert.assertEqualsImpl(Assert.java:150)
at org.testng.Assert.assertEquals(Assert.java:132)
at org.testng.Assert.assertEquals(Assert.java:656)
at org.testng.Assert.assertEquals(Assert.java:666)
at com.swagLab.Qa.StepDefinition.LoginStepsDefinition.I_should_be_redirected_to_swaglab_page(LoginStepsDefinition.java:43)
at ✽.I should be redirected to swaglab page(file:///C:/Users/Ram_k/eclipse-workspace/TestProject/src/test/resource/features/Login.feature:9)
]]>
    </failure>
  </testcase> <!-- runScenario -->
  <testcase classname="com.swagLab.Qa.TestRunner.TestRunner" name="runScenario" time="35.344"/>
  <testcase classname="com.swagLab.Qa.TestRunner.TestRunner" name="runScenario" time="4.987"/>
</testsuite> <!-- com.swagLab.Qa.TestRunner.TestRunner -->
